app/build/intermediates/manifest_merge_blame_file/debug/manifest-merger-blame-debug-report.txt
1<?xml version="1.0" encoding="utf-8"?>
2<!--
3  ~ Copyright 2018, The Android Open Source Project
4  ~
5  ~ Licensed under the Apache License, Version 2.0 (the "License");
6  ~ you may not use this file except in compliance with the License.
7  ~ You may obtain a copy of the License at
8  ~
9  ~      http://www.apache.org/licenses/LICENSE-2.0
10  ~
11  ~ Unless required by applicable law or agreed to in writing, software
12  ~ distributed under the License is distributed on an "AS IS" BASIS,
13  ~ WITHOUT WARRANTIES OR CONDITIONS OF ANY KIND, either express or implied.
14  ~ See the License for the specific language governing permissions and
15  ~ limitations under the License.
16-->
17<manifest xmlns:android="http://schemas.android.com/apk/res/android"
18    package="com.example.android.guesstheword"
19    android:versionCode="1"
20    android:versionName="1.0" >
21
22    <uses-sdk
23        android:minSdkVersion="19"
23-->src\main\AndroidManifest.xml
24        android:targetSdkVersion="30" />
24-->src\main\AndroidManifest.xml
25
26    <application
26-->src\main\AndroidManifest.xml:21:5-41:19
27        android:allowBackup="true"
27-->src\main\AndroidManifest.xml:22:9-35
28        android:appComponentFactory="androidx.core.app.CoreComponentFactory"
28-->[androidx.core:core:1.3.1] AndroidManifest.xml:24:18-86
29        android:debuggable="true"
30        android:icon="@mipmap/ic_guess_it"
30-->src\main\AndroidManifest.xml:23:9-43
31        android:label="@string/app_name"
31-->src\main\AndroidManifest.xml:24:9-41
32        android:roundIcon="@mipmap/ic_guess_it_round"
32-->src\main\AndroidManifest.xml:25:9-54
33        android:supportsRtl="true"
33-->src\main\AndroidManifest.xml:26:9-35
34        android:testOnly="true"
35        android:theme="@style/AppTheme" >
35-->src\main\AndroidManifest.xml:27:9-40
36
37        <!-- Screen locked to landscape for easier play -->
38        <!-- configChanges attribute makes the following actions NOT cause a config change -->
39        <!-- screenOrientation attribute sets the default animation -->
40        <activity android:name="com.example.android.guesstheword.MainActivity" >
40-->src\main\AndroidManifest.xml:33:9-40:20
40-->src\main\AndroidManifest.xml:33:19-47
41            <intent-filter>
41-->src\main\AndroidManifest.xml:35:13-39:29
42                <action android:name="android.intent.action.MAIN" />
42-->src\main\AndroidManifest.xml:36:17-69
42-->src\main\AndroidManifest.xml:36:25-66
43
44                <category android:name="android.intent.category.LAUNCHER" />
44-->src\main\AndroidManifest.xml:38:17-77
44-->src\main\AndroidManifest.xml:38:27-74
45            </intent-filter>
46        </activity>
47
48        <provider
48-->[androidx.lifecycle:lifecycle-process:2.2.0] AndroidManifest.xml:25:9-29:43
49            android:name="androidx.lifecycle.ProcessLifecycleOwnerInitializer"
49-->[androidx.lifecycle:lifecycle-process:2.2.0] AndroidManifest.xml:26:13-79
50            android:authorities="com.example.android.guesstheword.lifecycle-process"
50-->[androidx.lifecycle:lifecycle-process:2.2.0] AndroidManifest.xml:27:13-69
51            android:exported="false"
51-->[androidx.lifecycle:lifecycle-process:2.2.0] AndroidManifest.xml:28:13-37
52            android:multiprocess="true" />
52-->[androidx.lifecycle:lifecycle-process:2.2.0] AndroidManifest.xml:29:13-40
53    </application>
54
55</manifest>